#
# A fatal error has been detected by the Java Runtime Environment:
#
#  EXCEPTION_ACCESS_VIOLATION (0xc0000005) at pc=0x00007ffdaa8c8d43, pid=21952, tid=11996
#
# JRE version: OpenJDK Runtime Environment (11.0.5+10) (build 11.0.5+10)
# Java VM: OpenJDK 64-Bit Server VM (11.0.5+10, mixed mode, tiered, compressed oops, g1 gc, windows-amd64)
# Problematic frame:
# V  [jvm.dll+0x238d43]
#
# No core dump will be written. Minidumps are not enabled by default on client versions of Windows
#
# If you would like to submit a bug report, please visit:
#   https://github.com/AdoptOpenJDK/openjdk-build/issues
#

---------------  S U M M A R Y ------------

Command Line: -agentlib:jdwp=transport=dt_socket,suspend=y,address=localhost:57732 -Dcom.sun.management.jmxremote -Dcom.sun.management.jmxremote.port=57730 -Dcom.sun.management.jmxremote.authenticate=false -Dcom.sun.management.jmxremote.ssl=false -Djava.rmi.server.hostname=localhost -Dspring.jmx.enabled=true -Dspring.liveBeansView.mbeanDomain -Dspring.application.admin.enabled=true -Xverify:none -XX:TieredStopAtLevel=1 -Dspring.boot.project.name=employeeMng -javaagent:C:\Users\upl_member\Desktop\pleiades\eclipse\configuration\org.eclipse.osgi\411\0\.cp\lib\javaagent-shaded.jar -Dfile.encoding=UTF-8 com.example.demo.EmployeeMngApplication --spring.output.ansi.enabled=always

Host: Intel(R) Core(TM) i5-1035G7 CPU @ 1.20GHz, 8 cores, 7G,  Windows 10 , 64 bit Build 18362 (10.0.18362.1110)
Time: Sun Dec  6 16:20:08 2020 ???? (?W?€??) elapsed time: 2620 seconds (0d 0h 43m 40s)

---------------  T H R E A D  ---------------

Current thread (0x0000018bce3d7800):  JavaThread "JDWP Transport Listener: dt_socket" daemon [_thread_in_vm, id=11996, stack(0x0000006219900000,0x0000006219a00000)]

Stack: [0x0000006219900000,0x0000006219a00000],  sp=0x00000062199fed38,  free space=1019k
Native frames: (J=compiled Java code, j=interpreted, Vv=VM code, C=native code)
V  [jvm.dll+0x238d43]


siginfo: EXCEPTION_ACCESS_VIOLATION (0xc0000005), reading address 0x0000018bd500e80a


Register to memory mapping:

RIP=0x00007ffdaa8c8d43 jvm.dll
RAX=0x000000000000f9a0 is an unknown value
RBX=0x0000000000000096 is an unknown value
RCX=0x0000018bd4f91ac8 is pointing into metadata
RDX=0x000000000000f9a0 is an unknown value
RSP=0x00000062199fed38 is pointing into the stack for thread: 0x0000018bce3d7800
RBP=0x00000062199fedb9 is pointing into the stack for thread: 0x0000018bce3d7800
RSI=0x0000000000000003 is an unknown value
RDI=0x0000018bd4f9297d is pointing into metadata
R8 =0x0 is NULL
R9 =0x0000018bd4f91ac8 is pointing into metadata
R10=0x00000062199ff050 is pointing into the stack for thread: 0x0000018bce3d7800
R11=0x0 is NULL
R12=0x00000001007ca688 is a pointer to class: 
com.example.demo.controller.EmployeeController {0x00000001007ca690}
R13=0x0000000000000045 is an unknown value
R14=0x0 is NULL
R15=0x0000000000000096 is an unknown value


Registers:
RAX=0x000000000000f9a0, RBX=0x0000000000000096, RCX=0x0000018bd4f91ac8, RDX=0x000000000000f9a0
RSP=0x00000062199fed38, RBP=0x00000062199fedb9, RSI=0x0000000000000003, RDI=0x0000018bd4f9297d
R8 =0x0000000000000000, R9 =0x0000018bd4f91ac8, R10=0x00000062199ff050, R11=0x0000000000000000
R12=0x00000001007ca688, R13=0x0000000000000045, R14=0x0000000000000000, R15=0x0000000000000096
RIP=0x00007ffdaa8c8d43, EFLAGS=0x0000000000010206

Top of Stack: (sp=0x00000062199fed38)
0x00000062199fed38:   00007ffdaacc77cb 0000000000000096
0x00000062199fed48:   0000000000000003 0000000000000001
0x00000062199fed58:   0000018bd4f92c67 00000062199ff000
0x00000062199fed68:   00007ffdaa75721a 00000000199ff000
0x00000062199fed78:   00000062199f010c 0000000000000000
0x00000062199fed88:   0000000000000000 0000018bd22da6f0
0x00000062199fed98:   00007ffd000000db 0000018bd4f91ac8
0x00000062199feda8:   0000018bce3d7800 0000018bd4f91ac8
0x00000062199fedb8:   0000018bd4f92938 0000018bce358fb8
0x00000062199fedc8:   00007ffdaacc62d1 00000062199ff050
0x00000062199fedd8:   00000062199ff050 0000018bce3d7800
0x00000062199fede8:   0000018bce34f110 00000000000003d8
0x00000062199fedf8:   00000062199ff050 00000062199ff0f0
0x00000062199fee08:   0000000000000002 00000062199fee98
0x00000062199fee18:   00007ffdaacc7098 00000062199ff050
0x00000062199fee28:   0000018bd4f92a80 0000000000000300 

Instructions: (pc=0x00007ffdaa8c8d43)
0x00007ffdaa8c8c43:   41 5d 41 5c 5e 5d 5b c3 33 c0 48 83 c4 50 41 5d
0x00007ffdaa8c8c53:   41 5c 5e 5d 5b c3 48 83 3d c7 08 7b 00 00 74 0b
0x00007ffdaa8c8c63:   48 8b d3 48 8b ce e8 f2 29 00 00 48 8b 06 48 8b
0x00007ffdaa8c8c73:   48 28 4a 89 5c 21 08 48 8b 06 48 8b 48 08 48 8b
0x00007ffdaa8c8c83:   c3 42 c6 44 29 04 07 48 83 c4 50 41 5d 41 5c 5e
0x00007ffdaa8c8c93:   5d 5b c3 cc cc cc cc cc cc cc cc cc cc 48 89 5c
0x00007ffdaa8c8ca3:   24 08 48 89 74 24 10 57 48 83 ec 20 48 63 fa 48
0x00007ffdaa8c8cb3:   8b f1 41 0f b7 d0 c1 e2 10 49 63 d9 0f b7 c3 0b
0x00007ffdaa8c8cc3:   d0 89 54 f9 40 48 8b 41 08 48 8b 4c 24 58 49 63
0x00007ffdaa8c8cd3:   d0 c6 44 02 04 01 48 89 4c d6 40 e8 3d 6c 46 00
0x00007ffdaa8c8ce3:   48 8b 46 28 41 b8 07 00 00 00 48 8b 54 24 50 48
0x00007ffdaa8c8cf3:   85 d2 48 89 54 d8 08 b8 64 00 00 00 48 8b 4e 08
0x00007ffdaa8c8d03:   41 0f 45 c0 48 8b 5c 24 30 48 8b 74 24 38 88 44
0x00007ffdaa8c8d13:   39 04 48 83 c4 20 5f c3 cc cc cc cc cc 48 8b 41
0x00007ffdaa8c8d23:   28 4c 63 ca 42 0f b7 54 c9 40 4c 89 44 d0 08 48
0x00007ffdaa8c8d33:   8b 41 08 42 c6 44 08 04 07 c3 cc cc cc 48 63 c2
0x00007ffdaa8c8d43:   0f b7 44 c1 42 48 8b 44 c1 40 c3 cc cc 49 63 c0
0x00007ffdaa8c8d53:   44 0f b7 44 c1 42 48 8b 42 18 4a 39 44 c1 40 0f
0x00007ffdaa8c8d63:   94 c0 c3 cc cc cc cc cc cc cc cc cc cc 48 89 5c
0x00007ffdaa8c8d73:   24 08 48 89 74 24 10 57 48 83 ec 30 48 63 da 49
0x00007ffdaa8c8d83:   8b f0 48 8b f9 85 d2 79 24 4c 8d 0d b5 e7 5c 00
0x00007ffdaa8c8d93:   ba 8d 02 00 00 4c 8d 05 e1 e7 5c 00 48 8d 0d 1a
0x00007ffdaa8c8da3:   e7 5c 00 e8 a5 67 00 00 e8 c0 92 39 00 48 8b 57
0x00007ffdaa8c8db3:   10 48 85 d2 74 0f 48 8d 43 01 48 c1 e0 05 48 8b
0x00007ffdaa8c8dc3:   04 10 0f b7 d8 48 63 c3 48 8d 4c 24 20 4c 8b c7
0x00007ffdaa8c8dd3:   48 8b d6 8b 5c c7 40 e8 91 68 ed ff 0f b7 d3 48
0x00007ffdaa8c8de3:   8d 4c 24 20 4c 8b ce 41 b0 01 e8 2e fc ff ff 48
0x00007ffdaa8c8df3:   8d 4c 24 20 48 8b d8 e8 d1 2f 0f 00 48 8b 74 24
0x00007ffdaa8c8e03:   48 48 8b c3 48 8b 5c 24 40 48 83 c4 30 5f c3 cc
0x00007ffdaa8c8e13:   cc cc cc cc cc cc cc cc cc cc cc cc cc 48 89 5c
0x00007ffdaa8c8e23:   24 08 57 48 83 ec 20 48 63 fa 48 8b d9 85 d2 79
0x00007ffdaa8c8e33:   24 4c 8d 0d 0d e7 5c 00 ba 8d 02 00 00 4c 8d 05 


Stack slot to memory mapping:
stack at sp + 0 slots: 0x00007ffdaacc77cb jvm.dll
stack at sp + 1 slots: 0x0000000000000096 is an unknown value
stack at sp + 2 slots: 0x0000000000000003 is an unknown value
stack at sp + 3 slots: 0x0000000000000001 is an unknown value
stack at sp + 4 slots: 0x0000018bd4f92c67 is pointing into metadata
stack at sp + 5 slots: 0x00000062199ff000 is pointing into the stack for thread: 0x0000018bce3d7800
stack at sp + 6 slots: 0x00007ffdaa75721a jvm.dll
stack at sp + 7 slots: 0x00000000199ff000 is an unknown value


---------------  P R O C E S S  ---------------

Threads class SMR info:
_java_thread_list=0x0000018bd2559b30, length=33, elements={
0x0000018bcd8c0000, 0x0000018bcd8cb800, 0x0000018bcd8dd000, 0x0000018bcd8de000,
0x0000018bce1ce800, 0x0000018bce1de800, 0x0000018bce335800, 0x0000018bce3d7800,
0x0000018bce3dc800, 0x0000018bce3dd800, 0x0000018bce336800, 0x0000018bce337800,
0x0000018bce334000, 0x0000018bce338000, 0x0000018bd1bc8000, 0x0000018bd1bcd800,
0x0000018bce33a000, 0x0000018bce335000, 0x0000018bd1bc4800, 0x0000018bd1bc3000,
0x0000018bd1bc4000, 0x0000018bd1bc5800, 0x0000018bd1bc2800, 0x0000018bd1bc9000,
0x0000018bd1bc9800, 0x0000018bd1bc6800, 0x0000018bd1bca800, 0x0000018bd1bcb800,
0x0000018bd1bcc000, 0x0000018bd1bc7000, 0x0000018bd1bcd000, 0x0000018bd1bce800,
0x0000018bd1bcf800
}

Java Threads: ( => current thread )
  0x0000018bcd8c0000 JavaThread "Reference Handler" daemon [_thread_blocked, id=23524, stack(0x0000006219200000,0x0000006219300000)]
  0x0000018bcd8cb800 JavaThread "Finalizer" daemon [_thread_blocked, id=26124, stack(0x0000006219300000,0x0000006219400000)]
  0x0000018bcd8dd000 JavaThread "Signal Dispatcher" daemon [_thread_blocked, id=23508, stack(0x0000006219400000,0x0000006219500000)]
  0x0000018bcd8de000 JavaThread "Attach Listener" daemon [_thread_blocked, id=20592, stack(0x0000006219500000,0x0000006219600000)]
  0x0000018bce1ce800 JavaThread "C1 CompilerThread0" daemon [_thread_blocked, id=11880, stack(0x0000006219600000,0x0000006219700000)]
  0x0000018bce1de800 JavaThread "Sweeper thread" daemon [_thread_blocked, id=23212, stack(0x0000006219700000,0x0000006219800000)]
  0x0000018bce335800 JavaThread "Common-Cleaner" daemon [_thread_blocked, id=7652, stack(0x0000006219800000,0x0000006219900000)]
=>0x0000018bce3d7800 JavaThread "JDWP Transport Listener: dt_socket" daemon [_thread_in_vm, id=11996, stack(0x0000006219900000,0x0000006219a00000)]
  0x0000018bce3dc800 JavaThread "JDWP Event Helper Thread" daemon [_thread_blocked, id=6504, stack(0x0000006219a00000,0x0000006219b00000)]
  0x0000018bce3dd800 JavaThread "JDWP Command Reader" daemon [_thread_in_native, id=15660, stack(0x0000006219b00000,0x0000006219c00000)]
  0x0000018bce336800 JavaThread "Service Thread" daemon [_thread_blocked, id=27088, stack(0x0000006219c00000,0x0000006219d00000)]
  0x0000018bce337800 JavaThread "RMI TCP Accept-0" daemon [_thread_in_native, id=17352, stack(0x0000006219d00000,0x0000006219e00000)]
  0x0000018bce334000 JavaThread "RMI TCP Accept-57730" daemon [_thread_in_native, id=21508, stack(0x0000006219e00000,0x0000006219f00000)]
  0x0000018bce338000 JavaThread "RMI TCP Accept-0" daemon [_thread_in_native, id=7520, stack(0x0000006219f00000,0x000000621a000000)]
  0x0000018bd1bc8000 JavaThread "Live Reload Server" daemon [_thread_in_native, id=25908, stack(0x000000621b000000,0x000000621b100000)]
  0x0000018bd1bcd800 JavaThread "DestroyJavaVM" [_thread_blocked, id=5468, stack(0x0000006218b00000,0x0000006218c00000)]
  0x0000018bce33a000 JavaThread "Catalina-utility-1" [_thread_blocked, id=12448, stack(0x0000006218800000,0x0000006218900000)]
  0x0000018bce335000 JavaThread "Catalina-utility-2" [_thread_blocked, id=22352, stack(0x000000621a200000,0x000000621a300000)]
  0x0000018bd1bc4800 JavaThread "container-0" [_thread_blocked, id=24588, stack(0x000000621a300000,0x000000621a400000)]
  0x0000018bd1bc3000 JavaThread "File Watcher" daemon [_thread_blocked, id=14872, stack(0x000000621a800000,0x000000621a900000)]
  0x0000018bd1bc4000 JavaThread "http-nio-8080-BlockPoller" daemon [_thread_in_native, id=12680, stack(0x000000621ac00000,0x000000621ad00000)]
  0x0000018bd1bc5800 JavaThread "http-nio-8080-exec-1" daemon [_thread_blocked, id=26280, stack(0x000000621ad00000,0x000000621ae00000)]
  0x0000018bd1bc2800 JavaThread "http-nio-8080-exec-2" daemon [_thread_blocked, id=27792, stack(0x000000621ae00000,0x000000621af00000)]
  0x0000018bd1bc9000 JavaThread "http-nio-8080-exec-3" daemon [_thread_blocked, id=27180, stack(0x000000621af00000,0x000000621b000000)]
  0x0000018bd1bc9800 JavaThread "http-nio-8080-exec-4" daemon [_thread_blocked, id=25188, stack(0x000000621b100000,0x000000621b200000)]
  0x0000018bd1bc6800 JavaThread "http-nio-8080-exec-5" daemon [_thread_blocked, id=28668, stack(0x000000621b200000,0x000000621b300000)]
  0x0000018bd1bca800 JavaThread "http-nio-8080-exec-6" daemon [_thread_blocked, id=24404, stack(0x000000621b300000,0x000000621b400000)]
  0x0000018bd1bcb800 JavaThread "http-nio-8080-exec-7" daemon [_thread_blocked, id=23540, stack(0x000000621b400000,0x000000621b500000)]
  0x0000018bd1bcc000 JavaThread "http-nio-8080-exec-8" daemon [_thread_blocked, id=19428, stack(0x000000621b500000,0x000000621b600000)]
  0x0000018bd1bc7000 JavaThread "http-nio-8080-exec-9" daemon [_thread_blocked, id=26528, stack(0x000000621b600000,0x000000621b700000)]
  0x0000018bd1bcd000 JavaThread "http-nio-8080-exec-10" daemon [_thread_blocked, id=17864, stack(0x000000621b700000,0x000000621b800000)]
  0x0000018bd1bce800 JavaThread "http-nio-8080-ClientPoller" daemon [_thread_in_native, id=25624, stack(0x000000621b800000,0x000000621b900000)]
  0x0000018bd1bcf800 JavaThread "http-nio-8080-Acceptor" daemon [_thread_in_native, id=12732, stack(0x000000621b900000,0x000000621ba00000)]

Other Threads:
  0x0000018bcd898800 VMThread "VM Thread" [stack: 0x0000006219100000,0x0000006219200000] [id=15928]
  0x0000018bced36800 WatcherThread [stack: 0x000000621a000000,0x000000621a100000] [id=19996]
  0x0000018baecec800 GCTaskThread "GC Thread#0" [stack: 0x0000006218c00000,0x0000006218d00000] [id=16508]
  0x0000018bcf07b000 GCTaskThread "GC Thread#1" [stack: 0x000000621a100000,0x000000621a200000] [id=8636]
  0x0000018bcfa21000 GCTaskThread "GC Thread#2" [stack: 0x000000621a400000,0x000000621a500000] [id=27652]
  0x0000018bcfa22000 GCTaskThread "GC Thread#3" [stack: 0x000000621a500000,0x000000621a600000] [id=23116]
  0x0000018bcfa49000 GCTaskThread "GC Thread#4" [stack: 0x000000621a600000,0x000000621a700000] [id=7612]
  0x0000018bcfa49800 GCTaskThread "GC Thread#5" [stack: 0x000000621a700000,0x000000621a800000] [id=16480]
  0x0000018bcfbd1800 GCTaskThread "GC Thread#6" [stack: 0x000000621a900000,0x000000621aa00000] [id=27892]
  0x0000018bcfbe8000 GCTaskThread "GC Thread#7" [stack: 0x000000621aa00000,0x000000621ab00000] [id=22596]
  0x0000018baed1e800 ConcurrentGCThread "G1 Main Marker" [stack: 0x0000006218d00000,0x0000006218e00000] [id=25308]
  0x0000018baed21000 ConcurrentGCThread "G1 Conc#0" [stack: 0x0000006218e00000,0x0000006218f00000] [id=24840]
  0x0000018bcfb9b800 ConcurrentGCThread "G1 Conc#1" [stack: 0x000000621ab00000,0x000000621ac00000] [id=21720]
  0x0000018baed8e800 ConcurrentGCThread "G1 Refine#0" [stack: 0x0000006218f00000,0x0000006219000000] [id=7748]
  0x0000018bcd708000 ConcurrentGCThread "G1 Young RemSet Sampling" [stack: 0x0000006219000000,0x0000006219100000] [id=27412]

Threads with active compile tasks:

VM state:not at safepoint (normal execution)

VM Mutex/Monitor currently owned by a thread: None

Heap address: 0x0000000086600000, size: 1946 MB, Compressed Oops mode: 32-bit
Narrow klass base: 0x0000000000000000, Narrow klass shift: 3
Compressed class space size: 1073741824 Address: 0x0000000100000000

Heap:
 garbage-first heap   total 126976K, used 91066K [0x0000000086600000, 0x0000000100000000)
  region size 1024K, 17 young (17408K), 3 survivors (3072K)
 Metaspace       used 58528K, capacity 61794K, committed 62080K, reserved 1103872K
  class space    used 6882K, capacity 8004K, committed 8064K, reserved 1048576K
Heap Regions: E=young(eden), S=young(survivor), O=old, HS=humongous(starts), HC=humongous(continues), CS=collection set, F=free, A=archive, TAMS=top-at-mark-start (previous, next)
|   0|0x0000000086600000, 0x0000000086700000, 0x0000000086700000|100%|HS|  |TAMS 0x0000000086700000, 0x0000000086600000| Complete 
|   1|0x0000000086700000, 0x0000000086800000, 0x0000000086800000|100%| O|  |TAMS 0x0000000086800000, 0x0000000086700000| Untracked 
|   2|0x0000000086800000, 0x00000000868fffc8, 0x0000000086900000| 99%| O|  |TAMS 0x00000000868fffc8, 0x0000000086800000| Untracked 
|   3|0x0000000086900000, 0x00000000869ffff8, 0x0000000086a00000| 99%| O|  |TAMS 0x00000000869ffff8, 0x0000000086900000| Untracked 
|   4|0x0000000086a00000, 0x0000000086b00000, 0x0000000086b00000|100%| O|  |TAMS 0x0000000086b00000, 0x0000000086a00000| Untracked 
|   5|0x0000000086b00000, 0x0000000086bffff8, 0x0000000086c00000| 99%| O|  |TAMS 0x0000000086bffff8, 0x0000000086b00000| Untracked 
|   6|0x0000000086c00000, 0x0000000086cfffc8, 0x0000000086d00000| 99%| O|  |TAMS 0x0000000086cfffc8, 0x0000000086c00000| Untracked 
|   7|0x0000000086d00000, 0x0000000086dffff8, 0x0000000086e00000| 99%| O|  |TAMS 0x0000000086dffff8, 0x0000000086d00000| Untracked 
|   8|0x0000000086e00000, 0x0000000086f00000, 0x0000000086f00000|100%| O|  |TAMS 0x0000000086f00000, 0x0000000086e00000| Untracked 
|   9|0x0000000086f00000, 0x0000000086ffffb0, 0x0000000087000000| 99%| O|  |TAMS 0x0000000086ffffb0, 0x0000000086f00000| Untracked 
|  10|0x0000000087000000, 0x00000000870ffff8, 0x0000000087100000| 99%| O|  |TAMS 0x00000000870ffff8, 0x0000000087000000| Untracked 
|  11|0x0000000087100000, 0x0000000087200000, 0x0000000087200000|100%| O|  |TAMS 0x0000000087200000, 0x0000000087100000| Untracked 
|  12|0x0000000087200000, 0x00000000872ffff0, 0x0000000087300000| 99%| O|  |TAMS 0x00000000872ffff0, 0x0000000087200000| Untracked 
|  13|0x0000000087300000, 0x00000000873fffa0, 0x0000000087400000| 99%| O|  |TAMS 0x00000000873fffa0, 0x0000000087300000| Untracked 
|  14|0x0000000087400000, 0x00000000874ffff8, 0x0000000087500000| 99%| O|  |TAMS 0x00000000874ffff8, 0x0000000087400000| Untracked 
|  15|0x0000000087500000, 0x00000000875ffff0, 0x0000000087600000| 99%| O|  |TAMS 0x00000000875ffff0, 0x0000000087500000| Untracked 
|  16|0x0000000087600000, 0x00000000876ffff8, 0x0000000087700000| 99%| O|  |TAMS 0x00000000876ffff8, 0x0000000087600000| Untracked 
|  17|0x0000000087700000, 0x00000000877fffe8, 0x0000000087800000| 99%| O|  |TAMS 0x00000000877fffe8, 0x0000000087700000| Untracked 
|  18|0x0000000087800000, 0x00000000878ffff0, 0x0000000087900000| 99%| O|  |TAMS 0x00000000878ffff0, 0x0000000087800000| Untracked 
|  19|0x0000000087900000, 0x00000000879fffe8, 0x0000000087a00000| 99%| O|  |TAMS 0x00000000879fffe8, 0x0000000087900000| Untracked 
|  20|0x0000000087a00000, 0x0000000087afffe0, 0x0000000087b00000| 99%| O|  |TAMS 0x0000000087afffe0, 0x0000000087a00000| Untracked 
|  21|0x0000000087b00000, 0x0000000087c00000, 0x0000000087c00000|100%| O|  |TAMS 0x0000000087c00000, 0x0000000087b00000| Untracked 
|  22|0x0000000087c00000, 0x0000000087cffff0, 0x0000000087d00000| 99%| O|  |TAMS 0x0000000087cffff0, 0x0000000087c00000| Untracked 
|  23|0x0000000087d00000, 0x0000000087dfffe8, 0x0000000087e00000| 99%| O|  |TAMS 0x0000000087dfffe8, 0x0000000087d00000| Untracked 
|  24|0x0000000087e00000, 0x0000000087effff8, 0x0000000087f00000| 99%| O|  |TAMS 0x0000000087effff8, 0x0000000087e00000| Untracked 
|  25|0x0000000087f00000, 0x0000000087ffffc0, 0x0000000088000000| 99%| O|  |TAMS 0x0000000087ffffc0, 0x0000000087f00000| Untracked 
|  26|0x0000000088000000, 0x0000000088100000, 0x0000000088100000|100%| O|  |TAMS 0x0000000088100000, 0x0000000088000000| Untracked 
|  27|0x0000000088100000, 0x00000000881fffe0, 0x0000000088200000| 99%| O|  |TAMS 0x00000000881fffe0, 0x0000000088100000| Untracked 
|  28|0x0000000088200000, 0x00000000882ffbb0, 0x0000000088300000| 99%| O|  |TAMS 0x00000000882ffbb0, 0x0000000088200000| Untracked 
|  29|0x0000000088300000, 0x00000000883ffff0, 0x0000000088400000| 99%| O|  |TAMS 0x00000000883ffff0, 0x0000000088300000| Untracked 
|  30|0x0000000088400000, 0x0000000088500000, 0x0000000088500000|100%| O|  |TAMS 0x0000000088500000, 0x0000000088400000| Untracked 
|  31|0x0000000088500000, 0x00000000885ff018, 0x0000000088600000| 99%| O|  |TAMS 0x00000000885ff018, 0x0000000088500000| Untracked 
|  32|0x0000000088600000, 0x00000000886fffe8, 0x0000000088700000| 99%| O|  |TAMS 0x00000000886fffe8, 0x0000000088600000| Untracked 
|  33|0x0000000088700000, 0x00000000887ffb30, 0x0000000088800000| 99%| O|  |TAMS 0x00000000887ffb30, 0x0000000088700000| Untracked 
|  34|0x0000000088800000, 0x00000000888ffff0, 0x0000000088900000| 99%| O|  |TAMS 0x00000000888ffff0, 0x0000000088800000| Untracked 
|  35|0x0000000088900000, 0x0000000088a00000, 0x0000000088a00000|100%| O|  |TAMS 0x0000000088a00000, 0x0000000088900000| Untracked 
|  36|0x0000000088a00000, 0x0000000088afffe0, 0x0000000088b00000| 99%| O|  |TAMS 0x0000000088afffe0, 0x0000000088a00000| Untracked 
|  37|0x0000000088b00000, 0x0000000088bfffe8, 0x0000000088c00000| 99%| O|  |TAMS 0x0000000088bfffe8, 0x0000000088b00000| Untracked 
|  38|0x0000000088c00000, 0x0000000088cffff0, 0x0000000088d00000| 99%| O|  |TAMS 0x0000000088cffff0, 0x0000000088c00000| Untracked 
|  39|0x0000000088d00000, 0x0000000088dfffe0, 0x0000000088e00000| 99%| O|  |TAMS 0x0000000088dfffe0, 0x0000000088d00000| Untracked 
|  40|0x0000000088e00000, 0x0000000088f00000, 0x0000000088f00000|100%| O|  |TAMS 0x0000000088f00000, 0x0000000088e00000| Untracked 
|  41|0x0000000088f00000, 0x0000000088ffffc8, 0x0000000089000000| 99%| O|  |TAMS 0x0000000088ffffc8, 0x0000000088f00000| Untracked 
|  42|0x0000000089000000, 0x0000000089100000, 0x0000000089100000|100%| O|  |TAMS 0x0000000089100000, 0x0000000089000000| Untracked 
|  43|0x0000000089100000, 0x00000000891fddc0, 0x0000000089200000| 99%| O|  |TAMS 0x00000000891fddc0, 0x0000000089100000| Untracked 
|  44|0x0000000089200000, 0x00000000892ffff8, 0x0000000089300000| 99%| O|  |TAMS 0x00000000892ffff8, 0x0000000089200000| Untracked 
|  45|0x0000000089300000, 0x00000000893fffe8, 0x0000000089400000| 99%| O|  |TAMS 0x00000000893fffe8, 0x0000000089300000| Untracked 
|  46|0x0000000089400000, 0x00000000894ffff8, 0x0000000089500000| 99%| O|  |TAMS 0x00000000894ffff8, 0x0000000089400000| Untracked 
|  47|0x0000000089500000, 0x0000000089600000, 0x0000000089600000|100%| O|  |TAMS 0x0000000089600000, 0x0000000089500000| Untracked 
|  48|0x0000000089600000, 0x00000000896ff098, 0x0000000089700000| 99%| O|  |TAMS 0x00000000896ff098, 0x0000000089600000| Untracked 
|  49|0x0000000089700000, 0x0000000089800000, 0x0000000089800000|100%| O|  |TAMS 0x0000000089800000, 0x0000000089700000| Untracked 
|  50|0x0000000089800000, 0x0000000089900000, 0x0000000089900000|100%| O|  |TAMS 0x0000000089900000, 0x0000000089800000| Untracked 
|  51|0x0000000089900000, 0x00000000899ff878, 0x0000000089a00000| 99%| O|  |TAMS 0x00000000899ff878, 0x0000000089900000| Untracked 
|  52|0x0000000089a00000, 0x0000000089b00000, 0x0000000089b00000|100%| O|  |TAMS 0x0000000089b00000, 0x0000000089a00000| Untracked 
|  53|0x0000000089b00000, 0x0000000089bffff0, 0x0000000089c00000| 99%| O|  |TAMS 0x0000000089bffff0, 0x0000000089b00000| Untracked 
|  54|0x0000000089c00000, 0x0000000089cffff8, 0x0000000089d00000| 99%| O|  |TAMS 0x0000000089cffff8, 0x0000000089c00000| Untracked 
|  55|0x0000000089d00000, 0x0000000089dfffe8, 0x0000000089e00000| 99%| O|  |TAMS 0x0000000089dfffe8, 0x0000000089d00000| Untracked 
|  56|0x0000000089e00000, 0x0000000089eff4d8, 0x0000000089f00000| 99%| O|  |TAMS 0x0000000089eff4d8, 0x0000000089e00000| Untracked 
|  57|0x0000000089f00000, 0x0000000089ffffe0, 0x000000008a000000| 99%| O|  |TAMS 0x0000000089ffffe0, 0x0000000089f00000| Untracked 
|  58|0x000000008a000000, 0x000000008a0ff478, 0x000000008a100000| 99%| O|  |TAMS 0x000000008a0ff478, 0x000000008a000000| Untracked 
|  59|0x000000008a100000, 0x000000008a1fffd8, 0x000000008a200000| 99%| O|  |TAMS 0x000000008a1fffd8, 0x000000008a100000| Untracked 
|  60|0x000000008a200000, 0x000000008a2fffe0, 0x000000008a300000| 99%| O|  |TAMS 0x000000008a2fffe0, 0x000000008a200000| Untracked 
|  61|0x000000008a300000, 0x000000008a3fffe8, 0x000000008a400000| 99%| O|  |TAMS 0x000000008a3fffe8, 0x000000008a300000| Untracked 
|  62|0x000000008a400000, 0x000000008a4fff58, 0x000000008a500000| 99%| O|  |TAMS 0x000000008a4fff58, 0x000000008a400000| Untracked 
|  63|0x000000008a500000, 0x000000008a5fffe8, 0x000000008a600000| 99%| O|  |TAMS 0x000000008a5fffe8, 0x000000008a500000| Untracked 
|  64|0x000000008a600000, 0x000000008a6ffff0, 0x000000008a700000| 99%| O|  |TAMS 0x000000008a6ffff0, 0x000000008a600000| Untracked 
|  65|0x000000008a700000, 0x000000008a800000, 0x000000008a800000|100%| O|  |TAMS 0x000000008a800000, 0x000000008a700000| Untracked 
|  66|0x000000008a800000, 0x000000008a8fc268, 0x000000008a900000| 98%| O|  |TAMS 0x000000008a8fc268, 0x000000008a800000| Untracked 
|  67|0x000000008a900000, 0x000000008a9ffa78, 0x000000008aa00000| 99%| O|  |TAMS 0x000000008a9ffa78, 0x000000008a900000| Untracked 
|  68|0x000000008aa00000, 0x000000008aa6fb98, 0x000000008ab00000| 43%| O|  |TAMS 0x000000008aa6fb98, 0x000000008aa00000| Untracked 
|  69|0x000000008ab00000, 0x000000008abfffe0, 0x000000008ac00000| 99%| O|  |TAMS 0x000000008abfffe0, 0x000000008ab00000| Untracked 
|  70|0x000000008ac00000, 0x000000008ac8e108, 0x000000008ad00000| 55%| O|  |TAMS 0x000000008ac8e108, 0x000000008ac00000| Untracked 
|  71|0x000000008ad00000, 0x000000008adb2ce8, 0x000000008ae00000| 69%| O|  |TAMS 0x000000008adb2ce8, 0x000000008ad00000| Untracked 
|  72|0x000000008ae00000, 0x000000008aecbd18, 0x000000008af00000| 79%| O|  |TAMS 0x000000008aecbd18, 0x000000008ae00000| Untracked 
|  73|0x000000008af00000, 0x000000008b000000, 0x000000008b000000|100%| O|  |TAMS 0x000000008b000000, 0x000000008af00000| Untracked 
|  74|0x000000008b000000, 0x000000008b0a4000, 0x000000008b100000| 64%| O|  |TAMS 0x000000008b0a4000, 0x000000008b000000| Untracked 
|  75|0x000000008b100000, 0x000000008b100000, 0x000000008b200000|  0%| F|  |TAMS 0x000000008b100000, 0x000000008b100000| Untracked 
|  76|0x000000008b200000, 0x000000008b200000, 0x000000008b300000|  0%| F|  |TAMS 0x000000008b200000, 0x000000008b200000| Untracked 
|  77|0x000000008b300000, 0x000000008b300000, 0x000000008b400000|  0%| F|  |TAMS 0x000000008b300000, 0x000000008b300000| Untracked 
|  78|0x000000008b400000, 0x000000008b400000, 0x000000008b500000|  0%| F|  |TAMS 0x000000008b400000, 0x000000008b400000| Untracked 
|  79|0x000000008b500000, 0x000000008b500000, 0x000000008b600000|  0%| F|  |TAMS 0x000000008b500000, 0x000000008b500000| Untracked 
|  80|0x000000008b600000, 0x000000008b600000, 0x000000008b700000|  0%| F|  |TAMS 0x000000008b600000, 0x000000008b600000| Untracked 
|  81|0x000000008b700000, 0x000000008b700000, 0x000000008b800000|  0%| F|  |TAMS 0x000000008b700000, 0x000000008b700000| Untracked 
|  82|0x000000008b800000, 0x000000008b800000, 0x000000008b900000|  0%| F|  |TAMS 0x000000008b800000, 0x000000008b800000| Untracked 
|  83|0x000000008b900000, 0x000000008b900000, 0x000000008ba00000|  0%| F|  |TAMS 0x000000008b900000, 0x000000008b900000| Untracked 
|  84|0x000000008ba00000, 0x000000008ba00000, 0x000000008bb00000|  0%| F|  |TAMS 0x000000008ba00000, 0x000000008ba00000| Untracked 
|  85|0x000000008bb00000, 0x000000008bb00000, 0x000000008bc00000|  0%| F|  |TAMS 0x000000008bb00000, 0x000000008bb00000| Untracked 
|  86|0x000000008bc00000, 0x000000008bc00000, 0x000000008bd00000|  0%| F|  |TAMS 0x000000008bc00000, 0x000000008bc00000| Untracked 
|  87|0x000000008bd00000, 0x000000008bd2cdb8, 0x000000008be00000| 17%| O|  |TAMS 0x000000008bd2cdb8, 0x000000008bd00000| Untracked 
|  88|0x000000008be00000, 0x000000008be00000, 0x000000008bf00000|  0%| F|  |TAMS 0x000000008be00000, 0x000000008be00000| Untracked 
|  89|0x000000008bf00000, 0x000000008bf00000, 0x000000008c000000|  0%| F|  |TAMS 0x000000008bf00000, 0x000000008bf00000| Untracked 
|  90|0x000000008c000000, 0x000000008c000000, 0x000000008c100000|  0%| F|  |TAMS 0x000000008c000000, 0x000000008c000000| Untracked 
|  91|0x000000008c100000, 0x000000008c100000, 0x000000008c200000|  0%| F|  |TAMS 0x000000008c100000, 0x000000008c100000| Untracked 
|  92|0x000000008c200000, 0x000000008c200000, 0x000000008c300000|  0%| F|  |TAMS 0x000000008c200000, 0x000000008c200000| Untracked 
|  93|0x000000008c300000, 0x000000008c3ac600, 0x000000008c400000| 67%| S|CS|TAMS 0x000000008c300000, 0x000000008c300000| Complete 
|  94|0x000000008c400000, 0x000000008c500000, 0x000000008c500000|100%| S|CS|TAMS 0x000000008c400000, 0x000000008c400000| Complete 
|  95|0x000000008c500000, 0x000000008c500000, 0x000000008c600000|  0%| F|  |TAMS 0x000000008c500000, 0x000000008c500000| Untracked 
|  96|0x000000008c600000, 0x000000008c600000, 0x000000008c700000|  0%| F|  |TAMS 0x000000008c600000, 0x000000008c600000| Untracked 
|  97|0x000000008c700000, 0x000000008c800000, 0x000000008c800000|100%| S|CS|TAMS 0x000000008c700000, 0x000000008c700000| Complete 
|  98|0x000000008c800000, 0x000000008c800000, 0x000000008c900000|  0%| F|  |TAMS 0x000000008c800000, 0x000000008c800000| Untracked 
|  99|0x000000008c900000, 0x000000008c900000, 0x000000008ca00000|  0%| F|  |TAMS 0x000000008c900000, 0x000000008c900000| Untracked 
| 100|0x000000008ca00000, 0x000000008ca00000, 0x000000008cb00000|  0%| F|  |TAMS 0x000000008ca00000, 0x000000008ca00000| Untracked 
| 101|0x000000008cb00000, 0x000000008cb00000, 0x000000008cc00000|  0%| F|  |TAMS 0x000000008cb00000, 0x000000008cb00000| Untracked 
| 102|0x000000008cc00000, 0x000000008cc00000, 0x000000008cd00000|  0%| F|  |TAMS 0x000000008cc00000, 0x000000008cc00000| Untracked 
| 103|0x000000008cd00000, 0x000000008cd00000, 0x000000008ce00000|  0%| F|  |TAMS 0x000000008cd00000, 0x000000008cd00000| Untracked 
| 104|0x000000008ce00000, 0x000000008ce00000, 0x000000008cf00000|  0%| F|  |TAMS 0x000000008ce00000, 0x000000008ce00000| Untracked 
| 105|0x000000008cf00000, 0x000000008cf00000, 0x000000008d000000|  0%| F|  |TAMS 0x000000008cf00000, 0x000000008cf00000| Untracked 
| 106|0x000000008d000000, 0x000000008d000000, 0x000000008d100000|  0%| F|  |TAMS 0x000000008d000000, 0x000000008d000000| Untracked 
| 107|0x000000008d100000, 0x000000008d100000, 0x000000008d200000|  0%| F|  |TAMS 0x000000008d100000, 0x000000008d100000| Untracked 
| 108|0x000000008d200000, 0x000000008d200000, 0x000000008d300000|  0%| F|  |TAMS 0x000000008d200000, 0x000000008d200000| Untracked 
| 109|0x000000008d300000, 0x000000008d300000, 0x000000008d400000|  0%| F|  |TAMS 0x000000008d300000, 0x000000008d300000| Untracked 
| 110|0x000000008d400000, 0x000000008d4693e0, 0x000000008d500000| 41%| E|  |TAMS 0x000000008d400000, 0x000000008d400000| Complete 
| 111|0x000000008d500000, 0x000000008d600000, 0x000000008d600000|100%| E|CS|TAMS 0x000000008d500000, 0x000000008d500000| Complete 
| 112|0x000000008d600000, 0x000000008d700000, 0x000000008d700000|100%| E|CS|TAMS 0x000000008d600000, 0x000000008d600000| Complete 
| 113|0x000000008d700000, 0x000000008d800000, 0x000000008d800000|100%| E|CS|TAMS 0x000000008d700000, 0x000000008d700000| Complete 
| 114|0x000000008d800000, 0x000000008d900000, 0x000000008d900000|100%| E|CS|TAMS 0x000000008d800000, 0x000000008d800000| Complete 
| 115|0x000000008d900000, 0x000000008da00000, 0x000000008da00000|100%| E|CS|TAMS 0x000000008d900000, 0x000000008d900000| Complete 
| 116|0x000000008da00000, 0x000000008db00000, 0x000000008db00000|100%| E|CS|TAMS 0x000000008da00000, 0x000000008da00000| Complete 
| 117|0x000000008db00000, 0x000000008dc00000, 0x000000008dc00000|100%| E|CS|TAMS 0x000000008db00000, 0x000000008db00000| Complete 
| 118|0x000000008dc00000, 0x000000008dd00000, 0x000000008dd00000|100%| E|CS|TAMS 0x000000008dc00000, 0x000000008dc00000| Complete 
| 119|0x000000008dd00000, 0x000000008de00000, 0x000000008de00000|100%| E|CS|TAMS 0x000000008dd00000, 0x000000008dd00000| Complete 
| 120|0x000000008de00000, 0x000000008df00000, 0x000000008df00000|100%| E|CS|TAMS 0x000000008de00000, 0x000000008de00000| Complete 
| 121|0x000000008df00000, 0x000000008e000000, 0x000000008e000000|100%| E|CS|TAMS 0x000000008df00000, 0x000000008df00000| Complete 
| 122|0x000000008e000000, 0x000000008e100000, 0x000000008e100000|100%| E|CS|TAMS 0x000000008e000000, 0x000000008e000000| Complete 
| 123|0x000000008e100000, 0x000000008e200000, 0x000000008e200000|100%| E|CS|TAMS 0x000000008e100000, 0x000000008e100000| Complete 

Card table byte_map: [0x0000018bc69e0000,0x0000018bc6db0000] _byte_map_base: 0x0000018bc65ad000

Marking Bits (Prev, Next): (CMBitMap*) 0x0000018baed164d0, (CMBitMap*) 0x0000018baed16498
 Prev Bits: [0x0000018bc8ff0000, 0x0000018bcae58000)
 Next Bits: [0x0000018bc7180000, 0x0000018bc8fe8000)

Polling page: 0x0000018bacbd0000

Metaspace:

Usage:
  Non-class:     52.53 MB capacity,    50.44 MB ( 96%) used,     1.86 MB (  4%) free+waste,   236.25 KB ( <1%) overhead. 
      Class:      7.82 MB capacity,     6.72 MB ( 86%) used,  1007.86 KB ( 13%) free+waste,   113.81 KB (  1%) overhead. 
       Both:     60.35 MB capacity,    57.16 MB ( 95%) used,     2.85 MB (  5%) free+waste,   350.06 KB ( <1%) overhead. 

Virtual space:
  Non-class space:       54.00 MB reserved,      52.75 MB ( 98%) committed 
      Class space:        1.00 GB reserved,       7.88 MB ( <1%) committed 
             Both:        1.05 GB reserved,      60.63 MB (  6%) committed 

Chunk freelists:
   Non-Class:  34.00 KB
       Class:  0 bytes
        Both:  34.00 KB

MaxMetaspaceSize: 17179869184.00 GB
CompressedClassSpaceSize: 1.00 GB

CodeHeap 'non-profiled nmethods': size=238336Kb used=21652Kb max_used=21822Kb free=216683Kb
 bounds [0x0000018bb7a20000, 0x0000018bb8f80000, 0x0000018bc62e0000]
CodeHeap 'non-nmethods': size=7424Kb used=1307Kb max_used=1307Kb free=6116Kb
 bounds [0x0000018bb72e0000, 0x0000018bb7550000, 0x0000018bb7a20000]
 total_blobs=12362 nmethods=11303 adapters=495
 compilation: enabled
              stopped_count=0, restarted_count=0
 full_count=0

Compilation events (20 events):
Event: 2556.718 Thread 0x0000018bce1ce800 11520   !   1       jdk.internal.reflect.GeneratedMethodAccessor32::invoke (63 bytes)
Event: 2556.718 Thread 0x0000018bce1ce800 nmethod 11520 0x0000018bb8734190 code [0x0000018bb8734400, 0x0000018bb8734b10]
Event: 2556.718 Thread 0x0000018bce1ce800 11521   !   1       jdk.internal.reflect.GeneratedMethodAccessor33::invoke (63 bytes)
Event: 2556.718 Thread 0x0000018bce1ce800 nmethod 11521 0x0000018bb8772410 code [0x0000018bb8772680, 0x0000018bb8772d70]
Event: 2556.718 Thread 0x0000018bce1ce800 11522   !   1       jdk.internal.reflect.GeneratedMethodAccessor34::invoke (63 bytes)
Event: 2556.718 Thread 0x0000018bce1ce800 nmethod 11522 0x0000018bb8890e90 code [0x0000018bb8891100, 0x0000018bb8891810]
Event: 2556.770 Thread 0x0000018bce1ce800 11523       1       sun.nio.ch.ServerSocketChannelImpl::ensureOpen (16 bytes)
Event: 2556.770 Thread 0x0000018bce1ce800 nmethod 11523 0x0000018bb865c990 code [0x0000018bb865cb60, 0x0000018bb865cd10]
Event: 2556.770 Thread 0x0000018bce1ce800 11524       1       java.nio.channels.spi.AbstractInterruptibleChannel::begin (48 bytes)
Event: 2556.771 Thread 0x0000018bce1ce800 nmethod 11524 0x0000018bb8771a10 code [0x0000018bb8771c00, 0x0000018bb8772140]
Event: 2556.771 Thread 0x0000018bce1ce800 11525       1       java.nio.channels.spi.AbstractInterruptibleChannel::end (53 bytes)
Event: 2556.771 Thread 0x0000018bce1ce800 nmethod 11525 0x0000018bb880ee10 code [0x0000018bb880f020, 0x0000018bb880f540]
Event: 2556.777 Thread 0x0000018bce1ce800 11526       1       java.util.Collections::singletonMap (10 bytes)
Event: 2556.777 Thread 0x0000018bce1ce800 nmethod 11526 0x0000018bb866f990 code [0x0000018bb866fb40, 0x0000018bb866fd38]
Event: 2556.777 Thread 0x0000018bce1ce800 11527       1       java.util.Collections$SingletonMap::<init> (15 bytes)
Event: 2556.777 Thread 0x0000018bce1ce800 nmethod 11527 0x0000018bb867dd90 code [0x0000018bb867df40, 0x0000018bb867e0f8]
Event: 2556.779 Thread 0x0000018bce1ce800 11528       1       org.springframework.boot.admin.SpringApplicationAdminMXBeanRegistrar::supportsEventType (35 bytes)
Event: 2556.780 Thread 0x0000018bce1ce800 nmethod 11528 0x0000018bb867f890 code [0x0000018bb867fa60, 0x0000018bb867fc50]
Event: 2556.780 Thread 0x0000018bce1ce800 11529       1       org.springframework.boot.devtools.autoconfigure.LocalDevToolsAutoConfiguration$LiveReloadServerEventListener::supportsEventType (35 bytes)
Event: 2556.780 Thread 0x0000018bce1ce800 nmethod 11529 0x0000018bb8733c10 code [0x0000018bb8733de0, 0x0000018bb8733fd0]

GC Heap History (20 events):
Event: 2495.134 GC heap before
{Heap before GC invocations=131 (full 15):
 garbage-first heap   total 119808K, used 95788K [0x0000000086600000, 0x0000000100000000)
  region size 1024K, 26 young (26624K), 0 survivors (0K)
 Metaspace       used 57133K, capacity 59959K, committed 60288K, reserved 1101824K
  class space    used 6708K, capacity 7676K, committed 7808K, reserved 1048576K
}
Event: 2495.137 GC heap after
{Heap after GC invocations=132 (full 15):
 garbage-first heap   total 119808K, used 71003K [0x0000000086600000, 0x0000000100000000)
  region size 1024K, 2 young (2048K), 2 survivors (2048K)
 Metaspace       used 57133K, capacity 59959K, committed 60288K, reserved 1101824K
  class space    used 6708K, capacity 7676K, committed 7808K, reserved 1048576K
}
Event: 2495.375 GC heap before
{Heap before GC invocations=133 (full 15):
 garbage-first heap   total 119808K, used 96603K [0x0000000086600000, 0x0000000100000000)
  region size 1024K, 27 young (27648K), 2 survivors (2048K)
 Metaspace       used 57451K, capacity 60455K, committed 60544K, reserved 1101824K
  class space    used 6760K, capacity 7799K, committed 7808K, reserved 1048576K
}
Event: 2495.378 GC heap after
{Heap after GC invocations=134 (full 15):
 garbage-first heap   total 119808K, used 72022K [0x0000000086600000, 0x0000000100000000)
  region size 1024K, 3 young (3072K), 3 survivors (3072K)
 Metaspace       used 57451K, capacity 60455K, committed 60544K, reserved 1101824K
  class space    used 6760K, capacity 7799K, committed 7808K, reserved 1048576K
}
Event: 2495.669 GC heap before
{Heap before GC invocations=134 (full 15):
 garbage-first heap   total 119808K, used 96598K [0x0000000086600000, 0x0000000100000000)
  region size 1024K, 28 young (28672K), 3 survivors (3072K)
 Metaspace       used 57837K, capacity 60926K, committed 61184K, reserved 1101824K
  class space    used 6799K, capacity 7855K, committed 7936K, reserved 1048576K
}
Event: 2495.677 GC heap after
{Heap after GC invocations=135 (full 15):
 garbage-first heap   total 119808K, used 72775K [0x0000000086600000, 0x0000000100000000)
  region size 1024K, 3 young (3072K), 3 survivors (3072K)
 Metaspace       used 57837K, capacity 60926K, committed 61184K, reserved 1101824K
  class space    used 6799K, capacity 7855K, committed 7936K, reserved 1048576K
}
Event: 2495.906 GC heap before
{Heap before GC invocations=136 (full 15):
 garbage-first heap   total 119808K, used 97351K [0x0000000086600000, 0x0000000100000000)
  region size 1024K, 27 young (27648K), 3 survivors (3072K)
 Metaspace       used 57961K, capacity 61121K, committed 61184K, reserved 1101824K
  class space    used 6825K, capacity 7904K, committed 7936K, reserved 1048576K
}
Event: 2495.909 GC heap after
{Heap after GC invocations=137 (full 15):
 garbage-first heap   total 119808K, used 73711K [0x0000000086600000, 0x0000000100000000)
  region size 1024K, 3 young (3072K), 3 survivors (3072K)
 Metaspace       used 57961K, capacity 61121K, committed 61184K, reserved 1101824K
  class space    used 6825K, capacity 7904K, committed 7936K, reserved 1048576K
}
Event: 2499.282 GC heap before
{Heap before GC invocations=137 (full 15):
 garbage-first heap   total 119808K, used 99311K [0x0000000086600000, 0x0000000100000000)
  region size 1024K, 28 young (28672K), 3 survivors (3072K)
 Metaspace       used 58155K, capacity 61379K, committed 61568K, reserved 1103872K
  class space    used 6855K, capacity 7956K, committed 8064K, reserved 1048576K
}
Event: 2499.291 GC heap after
{Heap after GC invocations=138 (full 15):
 garbage-first heap   total 119808K, used 74876K [0x0000000086600000, 0x0000000100000000)
  region size 1024K, 4 young (4096K), 4 survivors (4096K)
 Metaspace       used 58155K, capacity 61379K, committed 61568K, reserved 1103872K
  class space    used 6855K, capacity 7956K, committed 8064K, reserved 1048576K
}
Event: 2555.525 GC heap before
{Heap before GC invocations=139 (full 15):
 garbage-first heap   total 119808K, used 92284K [0x0000000086600000, 0x0000000100000000)
  region size 1024K, 22 young (22528K), 4 survivors (4096K)
 Metaspace       used 58254K, capacity 61470K, committed 61824K, reserved 1103872K
  class space    used 6863K, capacity 7962K, committed 8064K, reserved 1048576K
}
Event: 2555.604 GC heap after
{Heap after GC invocations=140 (full 16):
 garbage-first heap   total 126976K, used 73336K [0x0000000086600000, 0x0000000100000000)
  region size 1024K, 0 young (0K), 0 survivors (0K)
 Metaspace       used 58239K, capacity 61446K, committed 61824K, reserved 1103872K
  class space    used 6861K, capacity 7958K, committed 8064K, reserved 1048576K
}
Event: 2556.028 GC heap before
{Heap before GC invocations=140 (full 16):
 garbage-first heap   total 126976K, used 100984K [0x0000000086600000, 0x0000000100000000)
  region size 1024K, 27 young (27648K), 0 survivors (0K)
 Metaspace       used 58283K, capacity 61534K, committed 61824K, reserved 1103872K
  class space    used 6868K, capacity 7966K, committed 8064K, reserved 1048576K
}
Event: 2556.032 GC heap after
{Heap after GC invocations=141 (full 16):
 garbage-first heap   total 126976K, used 75188K [0x0000000086600000, 0x0000000100000000)
  region size 1024K, 2 young (2048K), 2 survivors (2048K)
 Metaspace       used 58283K, capacity 61534K, committed 61824K, reserved 1103872K
  class space    used 6868K, capacity 7966K, committed 8064K, reserved 1048576K
}
Event: 2556.262 GC heap before
{Heap before GC invocations=142 (full 16):
 garbage-first heap   total 126976K, used 101812K [0x0000000086600000, 0x0000000100000000)
  region size 1024K, 29 young (29696K), 2 survivors (2048K)
 Metaspace       used 58303K, capacity 61566K, committed 61824K, reserved 1103872K
  class space    used 6869K, capacity 7998K, committed 8064K, reserved 1048576K
}
Event: 2556.265 GC heap after
{Heap after GC invocations=143 (full 16):
 garbage-first heap   total 126976K, used 76327K [0x0000000086600000, 0x0000000100000000)
  region size 1024K, 3 young (3072K), 3 survivors (3072K)
 Metaspace       used 58303K, capacity 61566K, committed 61824K, reserved 1103872K
  class space    used 6869K, capacity 7998K, committed 8064K, reserved 1048576K
}
Event: 2556.488 GC heap before
{Heap before GC invocations=143 (full 16):
 garbage-first heap   total 126976K, used 103975K [0x0000000086600000, 0x0000000100000000)
  region size 1024K, 30 young (30720K), 3 survivors (3072K)
 Metaspace       used 58508K, capacity 61794K, committed 62080K, reserved 1103872K
  class space    used 6881K, capacity 8004K, committed 8064K, reserved 1048576K
}
Event: 2556.507 GC heap after
{Heap after GC invocations=144 (full 16):
 garbage-first heap   total 126976K, used 77127K [0x0000000086600000, 0x0000000100000000)
  region size 1024K, 3 young (3072K), 3 survivors (3072K)
 Metaspace       used 58508K, capacity 61794K, committed 62080K, reserved 1103872K
  class space    used 6881K, capacity 8004K, committed 8064K, reserved 1048576K
}
Event: 2556.702 GC heap before
{Heap before GC invocations=145 (full 16):
 garbage-first heap   total 126976K, used 103751K [0x0000000086600000, 0x0000000100000000)
  region size 1024K, 29 young (29696K), 3 survivors (3072K)
 Metaspace       used 58513K, capacity 61794K, committed 62080K, reserved 1103872K
  class space    used 6881K, capacity 8004K, committed 8064K, reserved 1048576K
}
Event: 2556.704 GC heap after
{Heap after GC invocations=146 (full 16):
 garbage-first heap   total 126976K, used 77754K [0x0000000086600000, 0x0000000100000000)
  region size 1024K, 3 young (3072K), 3 survivors (3072K)
 Metaspace       used 58513K, capacity 61794K, committed 62080K, reserved 1103872K
  class space    used 6881K, capacity 8004K, committed 8064K, reserved 1048576K
}

Deoptimization events (20 events):
Event: 2556.776 Thread 0x0000018bce339000 DEOPT PACKING pc=0x0000018bb8565d9c sp=0x0000006218afdc10
Event: 2556.776 Thread 0x0000018bce339000 DEOPT UNPACKING pc=0x0000018bb731ebde sp=0x0000006218afd138 mode 1
Event: 2556.776 Thread 0x0000018bce339000 DEOPT PACKING pc=0x0000018bb8565d9c sp=0x0000006218afdba0
Event: 2556.776 Thread 0x0000018bce339000 DEOPT UNPACKING pc=0x0000018bb731ebde sp=0x0000006218afd0c8 mode 1
Event: 2620.230 Thread 0x0000018bce3d7800 DEOPT PACKING pc=0x0000018bb7da9ebc sp=0x00000062199fd6b0
Event: 2620.230 Thread 0x0000018bce3d7800 DEOPT UNPACKING pc=0x0000018bb731ebde sp=0x00000062199fcc48 mode 1
Event: 2620.231 Thread 0x0000018bce3d7800 DEOPT PACKING pc=0x0000018bb7c67ae4 sp=0x00000062199fd860
Event: 2620.231 Thread 0x0000018bce3d7800 DEOPT UNPACKING pc=0x0000018bb731ebde sp=0x00000062199fcd68 mode 1
Event: 2620.231 Thread 0x0000018bce3d7800 DEOPT PACKING pc=0x0000018bb7da998c sp=0x00000062199fd940
Event: 2620.231 Thread 0x0000018bce3d7800 DEOPT UNPACKING pc=0x0000018bb731ebde sp=0x00000062199fced8 mode 1
Event: 2620.231 Thread 0x0000018bce3d7800 DEOPT PACKING pc=0x0000018bb7c67a7c sp=0x00000062199fdaf0
Event: 2620.231 Thread 0x0000018bce3d7800 DEOPT UNPACKING pc=0x0000018bb731ebde sp=0x00000062199fcff8 mode 1
Event: 2620.231 Thread 0x0000018bce3d7800 DEOPT PACKING pc=0x0000018bb7bd6544 sp=0x00000062199fdbd0
Event: 2620.231 Thread 0x0000018bce3d7800 DEOPT UNPACKING pc=0x0000018bb731ebde sp=0x00000062199fd1c0 mode 1
Event: 2620.231 Thread 0x0000018bce3d7800 DEOPT PACKING pc=0x0000018bb7c55824 sp=0x00000062199fde20
Event: 2620.231 Thread 0x0000018bce3d7800 DEOPT UNPACKING pc=0x0000018bb731ebde sp=0x00000062199fd490 mode 1
Event: 2620.231 Thread 0x0000018bce3d7800 DEOPT PACKING pc=0x0000018bb7c9c9dc sp=0x00000062199fe120
Event: 2620.231 Thread 0x0000018bce3d7800 DEOPT UNPACKING pc=0x0000018bb731ebde sp=0x00000062199fd5b0 mode 1
Event: 2620.231 Thread 0x0000018bce3d7800 DEOPT PACKING pc=0x0000018bb7b36de4 sp=0x00000062199fe1e0
Event: 2620.231 Thread 0x0000018bce3d7800 DEOPT UNPACKING pc=0x0000018bb731ebde sp=0x00000062199fd6c0 mode 1

Classes redefined (8 events):
Event: 1452.083 Thread 0x0000018bcd898800 redefined class name=com.example.demo.domain.EmployeeForm, count=1
Event: 1452.114 Thread 0x0000018bcd898800 redefined class name=com.example.demo.domain.EmployeeForm, count=1
Event: 1452.145 Thread 0x0000018bcd898800 redefined class name=com.example.demo.domain.EmployeeForm, count=1
Event: 1452.176 Thread 0x0000018bcd898800 redefined class name=com.example.demo.domain.EmployeeForm, count=1
Event: 1452.209 Thread 0x0000018bcd898800 redefined class name=com.example.demo.domain.EmployeeForm, count=1
Event: 1452.245 Thread 0x0000018bcd898800 redefined class name=com.example.demo.domain.EmployeeForm, count=1
Event: 1452.276 Thread 0x0000018bcd898800 redefined class name=com.example.demo.domain.EmployeeForm, count=1
Event: 1452.310 Thread 0x0000018bcd898800 redefined class name=com.example.demo.domain.EmployeeForm, count=1

Internal exceptions (20 events):
Event: 2495.171 Thread 0x0000018bce33a800 Exception <a 'java/lang/ArrayIndexOutOfBoundsException'{0x000000008d973748}> (0x000000008d973748) thrown at [c:/cygwin64/tmp/openjdk-jdk11u-windows-x64-hotspot/workspace/build/src/src/hotspot/share/runtime/sharedRuntime.cpp, line 584]
Event: 2495.171 Thread 0x0000018bce33a800 Exception <a 'java/lang/ArrayIndexOutOfBoundsException'{0x000000008d973d10}> (0x000000008d973d10) thrown at [c:/cygwin64/tmp/openjdk-jdk11u-windows-x64-hotspot/workspace/build/src/src/hotspot/share/runtime/sharedRuntime.cpp, line 584]
Event: 2495.171 Thread 0x0000018bce33a800 Exception <a 'java/lang/ArrayIndexOutOfBoundsException'{0x000000008d97a078}> (0x000000008d97a078) thrown at [c:/cygwin64/tmp/openjdk-jdk11u-windows-x64-hotspot/workspace/build/src/src/hotspot/share/runtime/sharedRuntime.cpp, line 584]
Event: 2495.171 Thread 0x0000018bce33a800 Exception <a 'java/lang/ArrayIndexOutOfBoundsException'{0x000000008d97a640}> (0x000000008d97a640) thrown at [c:/cygwin64/tmp/openjdk-jdk11u-windows-x64-hotspot/workspace/build/src/src/hotspot/share/runtime/sharedRuntime.cpp, line 584]
Event: 2495.174 Thread 0x0000018bce33a800 Exception <a 'java/lang/ArrayIndexOutOfBoundsException'{0x000000008d9a6068}> (0x000000008d9a6068) thrown at [c:/cygwin64/tmp/openjdk-jdk11u-windows-x64-hotspot/workspace/build/src/src/hotspot/share/runtime/sharedRuntime.cpp, line 584]
Event: 2495.174 Thread 0x0000018bce33a800 Exception <a 'java/lang/ArrayIndexOutOfBoundsException'{0x000000008d9a6630}> (0x000000008d9a6630) thrown at [c:/cygwin64/tmp/openjdk-jdk11u-windows-x64-hotspot/workspace/build/src/src/hotspot/share/runtime/sharedRuntime.cpp, line 584]
Event: 2495.299 Thread 0x0000018bce33a800 Exception <a 'java/io/FileNotFoundException'{0x000000008c9723d0}> (0x000000008c9723d0) thrown at [c:/cygwin64/tmp/openjdk-jdk11u-windows-x64-hotspot/workspace/build/src/src/hotspot/share/prims/jni.cpp, line 615]
Event: 2495.320 Thread 0x0000018bce33a800 Exception <a 'java/io/FileNotFoundException'{0x000000008c7b67a0}> (0x000000008c7b67a0) thrown at [c:/cygwin64/tmp/openjdk-jdk11u-windows-x64-hotspot/workspace/build/src/src/hotspot/share/prims/jni.cpp, line 615]
Event: 2500.132 Thread 0x0000018bd1bc3000 Exception <a 'java/lang/ClassNotFoundException'{0x000000008d2d3e18}: java/lang/ObjectCustomizer> (0x000000008d2d3e18) thrown at [c:/cygwin64/tmp/openjdk-jdk11u-windows-x64-hotspot/workspace/build/src/src/hotspot/share/classfile/systemDictionary.cpp, line 
Event: 2500.133 Thread 0x0000018bd1bc3000 Exception <a 'java/lang/ClassNotFoundException'{0x000000008d2e5008}: com/example/demo/domain/EmployeeFormCustomizer> (0x000000008d2e5008) thrown at [c:/cygwin64/tmp/openjdk-jdk11u-windows-x64-hotspot/workspace/build/src/src/hotspot/share/classfile/systemD
Event: 2555.511 Thread 0x0000018bd1bc2800 Exception <a 'java/lang/InterruptedException'{0x000000008c980cb0}: sleep interrupted> (0x000000008c980cb0) thrown at [c:/cygwin64/tmp/openjdk-jdk11u-windows-x64-hotspot/workspace/build/src/src/hotspot/share/prims/jvm.cpp, line 3107]
Event: 2555.649 Thread 0x0000018bce339000 Exception <a 'java/io/FileNotFoundException'{0x000000008e1f2040}> (0x000000008e1f2040) thrown at [c:/cygwin64/tmp/openjdk-jdk11u-windows-x64-hotspot/workspace/build/src/src/hotspot/share/prims/jni.cpp, line 615]
Event: 2556.021 Thread 0x0000018bce339000 Exception <a 'java/lang/ArrayIndexOutOfBoundsException'{0x000000008c797e00}> (0x000000008c797e00) thrown at [c:/cygwin64/tmp/openjdk-jdk11u-windows-x64-hotspot/workspace/build/src/src/hotspot/share/runtime/sharedRuntime.cpp, line 584]
Event: 2556.021 Thread 0x0000018bce339000 Exception <a 'java/lang/ArrayIndexOutOfBoundsException'{0x000000008c7983c8}> (0x000000008c7983c8) thrown at [c:/cygwin64/tmp/openjdk-jdk11u-windows-x64-hotspot/workspace/build/src/src/hotspot/share/runtime/sharedRuntime.cpp, line 584]
Event: 2556.022 Thread 0x0000018bce339000 Exception <a 'java/lang/ArrayIndexOutOfBoundsException'{0x000000008c79e730}> (0x000000008c79e730) thrown at [c:/cygwin64/tmp/openjdk-jdk11u-windows-x64-hotspot/workspace/build/src/src/hotspot/share/runtime/sharedRuntime.cpp, line 584]
Event: 2556.022 Thread 0x0000018bce339000 Exception <a 'java/lang/ArrayIndexOutOfBoundsException'{0x000000008c79ecf8}> (0x000000008c79ecf8) thrown at [c:/cygwin64/tmp/openjdk-jdk11u-windows-x64-hotspot/workspace/build/src/src/hotspot/share/runtime/sharedRuntime.cpp, line 584]
Event: 2556.025 Thread 0x0000018bce339000 Exception <a 'java/lang/ArrayIndexOutOfBoundsException'{0x000000008c7ca940}> (0x000000008c7ca940) thrown at [c:/cygwin64/tmp/openjdk-jdk11u-windows-x64-hotspot/workspace/build/src/src/hotspot/share/runtime/sharedRuntime.cpp, line 584]
Event: 2556.025 Thread 0x0000018bce339000 Exception <a 'java/lang/ArrayIndexOutOfBoundsException'{0x000000008c7caf08}> (0x000000008c7caf08) thrown at [c:/cygwin64/tmp/openjdk-jdk11u-windows-x64-hotspot/workspace/build/src/src/hotspot/share/runtime/sharedRuntime.cpp, line 584]
Event: 2556.173 Thread 0x0000018bce339000 Exception <a 'java/io/FileNotFoundException'{0x000000008d217e98}> (0x000000008d217e98) thrown at [c:/cygwin64/tmp/openjdk-jdk11u-windows-x64-hotspot/workspace/build/src/src/hotspot/share/prims/jni.cpp, line 615]
Event: 2556.193 Thread 0x0000018bce339000 Exception <a 'java/io/FileNotFoundException'{0x000000008d0529d0}> (0x000000008d0529d0) thrown at [c:/cygwin64/tmp/openjdk-jdk11u-windows-x64-hotspot/workspace/build/src/src/hotspot/share/prims/jni.cpp, line 615]

Events (20 events):
Event: 2556.771 Thread 0x0000018bd1bc9000 Thread added: 0x0000018bd1bc9000
Event: 2556.771 Thread 0x0000018bd1bc9800 Thread added: 0x0000018bd1bc9800
Event: 2556.771 Thread 0x0000018bd1bc6800 Thread added: 0x0000018bd1bc6800
Event: 2556.771 Thread 0x0000018bd1bca800 Thread added: 0x0000018bd1bca800
Event: 2556.771 Thread 0x0000018bd1bcb800 Thread added: 0x0000018bd1bcb800
Event: 2556.771 Thread 0x0000018bd1bcc000 Thread added: 0x0000018bd1bcc000
Event: 2556.771 Thread 0x0000018bd1bc7000 Thread added: 0x0000018bd1bc7000
Event: 2556.772 Thread 0x0000018bd1bcd000 Thread added: 0x0000018bd1bcd000
Event: 2556.772 Thread 0x0000018bd1bce800 Thread added: 0x0000018bd1bce800
Event: 2556.773 Thread 0x0000018bd1bcf800 Thread added: 0x0000018bd1bcf800
Event: 2556.781 Thread 0x0000018bce339000 Thread exited: 0x0000018bce339000
Event: 2556.781 Thread 0x0000018bce33a800 Thread exited: 0x0000018bce33a800
Event: 2566.194 Executing VM operation: RevokeBias
Event: 2566.194 Executing VM operation: RevokeBias done
Event: 2566.194 Executing VM operation: RevokeBias
Event: 2566.194 Executing VM operation: RevokeBias done
Event: 2566.195 Executing VM operation: RevokeBias
Event: 2566.195 Executing VM operation: RevokeBias done
Event: 2566.195 Executing VM operation: RevokeBias
Event: 2566.195 Executing VM operation: RevokeBias done


Dynamic libraries:
0x00007ff76d4e0000 - 0x00007ff76d4ed000 	C:\Users\upl_member\Desktop\pleiades\java\11\bin\javaw.exe
0x00007ffe25ac0000 - 0x00007ffe25cb0000 	C:\windows\SYSTEM32\ntdll.dll
0x00007ffe23e90000 - 0x00007ffe23f42000 	C:\windows\System32\KERNEL32.DLL
0x00007ffe22bf0000 - 0x00007ffe22e95000 	C:\windows\System32\KERNELBASE.dll
0x00007ffe22a40000 - 0x00007ffe22b3a000 	C:\windows\System32\ucrtbase.dll
0x00007ffe052d0000 - 0x00007ffe052e7000 	C:\Users\upl_member\Desktop\pleiades\java\11\bin\jli.dll
0x00007ffe15220000 - 0x00007ffe15236000 	C:\Users\upl_member\Desktop\pleiades\java\11\bin\VCRUNTIME140.dll
0x00007ffe23cf0000 - 0x00007ffe23e84000 	C:\windows\System32\USER32.dll
0x00007ffe22b40000 - 0x00007ffe22b61000 	C:\windows\System32\win32u.dll
0x00007ffe254c0000 - 0x00007ffe254e6000 	C:\windows\System32\GDI32.dll
0x00007ffe22ea0000 - 0x00007ffe23036000 	C:\windows\System32\gdi32full.dll
0x00007ffe23ad0000 - 0x00007ffe23b6e000 	C:\windows\System32\msvcp_win.dll
0x00007ffe07280000 - 0x00007ffe07504000 	C:\windows\WinSxS\amd64_microsoft.windows.common-controls_6595b64144ccf1df_6.0.18362.1198_none_9e820b57e45ad92f\COMCTL32.dll
0x00007ffe254f0000 - 0x00007ffe2558e000 	C:\windows\System32\msvcrt.dll
0x00007ffe24f10000 - 0x00007ffe25245000 	C:\windows\System32\combase.dll
0x00007ffe23b70000 - 0x00007ffe23c90000 	C:\windows\System32\RPCRT4.dll
0x00007ffe22b70000 - 0x00007ffe22bf0000 	C:\windows\System32\bcryptPrimitives.dll
0x00007ffe24ee0000 - 0x00007ffe24f0e000 	C:\windows\System32\IMM32.DLL
0x00007ffde4f90000 - 0x00007ffde4fbb000 	C:\Program Files (x86)\K7 Computing\K7TSecurity\K7CrvrEx64.dll
0x00007ffde9350000 - 0x00007ffde93eb000 	C:\Users\upl_member\Desktop\pleiades\java\11\bin\msvcp140.dll
0x00007ffdaa690000 - 0x00007ffdab14a000 	C:\Users\upl_member\Desktop\pleiades\java\11\bin\server\jvm.dll
0x00007ffe25770000 - 0x00007ffe25813000 	C:\windows\System32\ADVAPI32.dll
0x00007ffe25250000 - 0x00007ffe252e7000 	C:\windows\System32\sechost.dll
0x00007ffe25430000 - 0x00007ffe25438000 	C:\windows\System32\PSAPI.DLL
0x00007ffe06e50000 - 0x00007ffe06e59000 	C:\windows\SYSTEM32\WSOCK32.dll
0x00007ffe253c0000 - 0x00007ffe2542f000 	C:\windows\System32\WS2_32.dll
0x00007ffe1a8b0000 - 0x00007ffe1a8d4000 	C:\windows\SYSTEM32\WINMM.dll
0x00007ffe18f40000 - 0x00007ffe18f4a000 	C:\windows\SYSTEM32\VERSION.dll
0x00007ffe1a880000 - 0x00007ffe1a8ad000 	C:\windows\SYSTEM32\WINMMBASE.dll
0x00007ffe230f0000 - 0x00007ffe2313a000 	C:\windows\System32\cfgmgr32.dll
0x00007ffe229a0000 - 0x00007ffe229b1000 	C:\windows\System32\kernel.appcore.dll
0x00007ffe19380000 - 0x00007ffe19390000 	C:\Users\upl_member\Desktop\pleiades\java\11\bin\verify.dll
0x00007ffe212d0000 - 0x00007ffe214c4000 	C:\windows\SYSTEM32\DBGHELP.DLL
0x00007ffe07010000 - 0x00007ffe0703a000 	C:\windows\SYSTEM32\dbgcore.DLL
0x00007ffe025b0000 - 0x00007ffe025d8000 	C:\Users\upl_member\Desktop\pleiades\java\11\bin\java.dll
0x00007ffe02540000 - 0x00007ffe02578000 	C:\Users\upl_member\Desktop\pleiades\java\11\bin\jdwp.dll
0x00007ffe18200000 - 0x00007ffe1820e000 	C:\Users\upl_member\Desktop\pleiades\java\11\bin\instrument.dll
0x00007ffe02600000 - 0x00007ffe02616000 	C:\Users\upl_member\Desktop\pleiades\java\11\bin\zip.dll
0x00007ffe14c50000 - 0x00007ffe14c5a000 	C:\Users\upl_member\Desktop\pleiades\java\11\bin\jimage.dll
0x00007ffe23f50000 - 0x00007ffe24637000 	C:\windows\System32\SHELL32.dll
0x00007ffe256b0000 - 0x00007ffe25759000 	C:\windows\System32\shcore.dll
0x00007ffe23310000 - 0x00007ffe23a91000 	C:\windows\System32\windows.storage.dll
0x0000018bacca0000 - 0x0000018baccc3000 	C:\windows\System32\profapi.dll
0x00007ffe229c0000 - 0x00007ffe22a0a000 	C:\windows\System32\powrprof.dll
0x00007ffe22970000 - 0x00007ffe22980000 	C:\windows\System32\UMPDC.dll
0x00007ffe23c90000 - 0x00007ffe23ce2000 	C:\windows\System32\shlwapi.dll
0x00007ffe23290000 - 0x00007ffe232a7000 	C:\windows\System32\cryptsp.dll
0x00007ffe0c990000 - 0x00007ffe0c99a000 	C:\Users\upl_member\Desktop\pleiades\java\11\bin\dt_socket.dll
0x00007ffe221c0000 - 0x00007ffe22227000 	C:\windows\System32\mswsock.dll
0x00007ffe21f10000 - 0x00007ffe21fdb000 	C:\windows\SYSTEM32\DNSAPI.dll
0x00007ffe25760000 - 0x00007ffe25768000 	C:\windows\System32\NSI.dll
0x00007ffe21ed0000 - 0x00007ffe21f0a000 	C:\windows\SYSTEM32\IPHLPAPI.DLL
0x00007ffe16cc0000 - 0x00007ffe16d37000 	C:\windows\System32\fwpuclnt.dll
0x00007ffe23aa0000 - 0x00007ffe23ac6000 	C:\windows\System32\bcrypt.dll
0x00007ffe164c0000 - 0x00007ffe164ca000 	C:\Windows\System32\rasadhlp.dll
0x00007ffe02520000 - 0x00007ffe02539000 	C:\Users\upl_member\Desktop\pleiades\java\11\bin\net.dll
0x00007ffe1acc0000 - 0x00007ffe1adb0000 	C:\windows\SYSTEM32\WINHTTP.dll
0x00007ffe00ce0000 - 0x00007ffe00cf2000 	C:\Users\upl_member\Desktop\pleiades\java\11\bin\nio.dll
0x00007ffe0c960000 - 0x00007ffe0c969000 	C:\Users\upl_member\Desktop\pleiades\java\11\bin\management.dll
0x00007ffe0c830000 - 0x00007ffe0c83b000 	C:\Users\upl_member\Desktop\pleiades\java\11\bin\management_ext.dll
0x00007ffde28c0000 - 0x00007ffde28d6000 	C:\windows\system32\napinsp.dll
0x00007ffde28a0000 - 0x00007ffde28ba000 	C:\windows\system32\pnrpnsp.dll
0x00007ffde4030000 - 0x00007ffde403e000 	C:\windows\System32\winrnr.dll
0x00007ffe1b290000 - 0x00007ffe1b2ac000 	C:\windows\system32\NLAapi.dll
0x00007ffdf8fa0000 - 0x00007ffdf8fb5000 	C:\windows\system32\wshbth.dll
0x00007ffe21d10000 - 0x00007ffe21d43000 	C:\windows\system32\rsaenh.dll
0x00007ffe22890000 - 0x00007ffe228b5000 	C:\windows\SYSTEM32\USERENV.dll
0x00007ffe22390000 - 0x00007ffe2239c000 	C:\windows\SYSTEM32\CRYPTBASE.dll
0x00007ffe175c0000 - 0x00007ffe175d6000 	C:\windows\SYSTEM32\dhcpcsvc6.DLL
0x00007ffe175a0000 - 0x00007ffe175bc000 	C:\windows\SYSTEM32\dhcpcsvc.DLL
0x00007ffdef9d0000 - 0x00007ffdef9f6000 	C:\Users\upl_member\Desktop\pleiades\java\11\bin\sunec.dll

dbghelp: loaded successfully - version: 4.0.5 - missing functions: none
symbol engine: initialized successfully - sym options: 0x614 - pdb path: .;C:\Users\upl_member\Desktop\pleiades\java\11\bin;C:\windows\SYSTEM32;C:\windows\WinSxS\amd64_microsoft.windows.common-controls_6595b64144ccf1df_6.0.18362.1198_none_9e820b57e45ad92f;C:\Program Files (x86)\K7 Computing\K7TSecurity;C:\Users\upl_member\Desktop\pleiades\java\11\bin\server

VM Arguments:
jvm_args: -agentlib:jdwp=transport=dt_socket,suspend=y,address=localhost:57732 -Dcom.sun.management.jmxremote -Dcom.sun.management.jmxremote.port=57730 -Dcom.sun.management.jmxremote.authenticate=false -Dcom.sun.management.jmxremote.ssl=false -Djava.rmi.server.hostname=localhost -Dspring.jmx.enabled=true -Dspring.liveBeansView.mbeanDomain -Dspring.application.admin.enabled=true -Xverify:none -XX:TieredStopAtLevel=1 -Dspring.boot.project.name=employeeMng -javaagent:C:\Users\upl_member\Desktop\pleiades\eclipse\configuration\org.eclipse.osgi\411\0\.cp\lib\javaagent-shaded.jar -Dfile.encoding=UTF-8 
java_command: com.example.demo.EmployeeMngApplication --spring.output.ansi.enabled=always
java_class_path (initial): C:\Users\upl_member\Desktop\pleiades\workspace\employeeMng\bin\main;C:\Users\upl_member\.gradle\caches\modules-2\files-2.1\org.projectlombok\lombok\1.18.16\6dc192c7f93ec1853f70d59d8a6dcf94eb42866\lombok-1.18.16.jar;C:\Users\upl_member\.gradle\caches\modules-2\files-2.1\org.aspectj\aspectjtools\1.9.2\5ffa9075e58cc7bc62e6386823387d9543faa6a\aspectjtools-1.9.2.jar;C:\Users\upl_member\.gradle\caches\modules-2\files-2.1\javax.validation\validation-api\2.0.1.Final\cb855558e6271b1b32e716d24cb85c7f583ce09e\validation-api-2.0.1.Final.jar;C:\Users\upl_member\.gradle\caches\modules-2\files-2.1\com.github.mygreen\super-csv-annotation\2.2\4634d4265dd761a6343c421801f78a5fdb2efe16\super-csv-annotation-2.2.jar;C:\Users\upl_member\.gradle\caches\modules-2\files-2.1\org.mybatis.spring.boot\mybatis-spring-boot-starter\2.1.4\1ad97a0fb96ec3630e598e5aaae2dbd2fd29fdb0\mybatis-spring-boot-starter-2.1.4.jar;C:\Users\upl_member\.gradle\caches\modules-2\files-2.1\org.springframework.boot\spring-boot-starter-jdbc\2.4.0\536d4d8b20619286d00609743048fca313160498\spring-boot-starter-jdbc-2.4.0.jar;C:\Users\upl_member\.gradle\caches\modules-2\files-2.1\org.springframework.boot\spring-boot-starter-thymeleaf\2.4.0\ca0c7db4016cebd7609272f63b05ea61f687a730\spring-boot-starter-thymeleaf-2.4.0.jar;C:\Users\upl_member\.gradle\caches\modules-2\files-2.1\org.springframework.boot\spring-boot-starter-web\2.4.0\4bdd422c370d1d66ffc12ecafdecc70cad406367\spring-boot-starter-web-2.4.0.jar;C:\Users\upl_member\.gradle\caches\modules-2\files-2.1\org.springframework.boot\spring-boot-starter-aop\2.4.0\27e4f5d5d1ccd6dff2c02e52b36b673257da1d9e\spring-boot-starter-aop-2.4.0.jar;C:\Users\upl_member\.gradle\caches\modules-2\files-2.1\net.sf.supercsv\super-csv\2.4.0\17f8708c929029dde48bc298deaf3c7ae2452d3\super-csv-2.4.0.jar;C:\Users\upl_member\.gradle\caches\modules-2\files-2.1\org.thymeleaf\thymeleaf-spring5\3.0.11.RELEASE\de7bf0adf13b5e9c4811f95edf18279da193c0c6\thymeleaf-spring5-3.0.11.RELEAS
Launcher Type: SUN_STANDARD

[Global flags]
     bool BytecodeVerificationLocal                = false                                     {product} {command line}
     bool BytecodeVerificationRemote               = false                                     {product} {command line}
     intx CICompilerCount                          = 4                                         {product} {ergonomic}
     uint ConcGCThreads                            = 2                                         {product} {ergonomic}
     uint G1ConcRefinementThreads                  = 8                                         {product} {ergonomic}
   size_t G1HeapRegionSize                         = 1048576                                   {product} {ergonomic}
    uintx GCDrainStackTargetSize                   = 64                                        {product} {ergonomic}
   size_t InitialHeapSize                          = 127926272                                 {product} {ergonomic}
     bool ManagementServer                         = true                                      {product} {command line}
   size_t MarkStackSize                            = 4194304                                   {product} {ergonomic}
   size_t MaxHeapSize                              = 2040528896                                {product} {ergonomic}
   size_t MaxNewSize                               = 1223688192                                {product} {ergonomic}
   size_t MinHeapDeltaBytes                        = 1048576                                   {product} {ergonomic}
    uintx NonNMethodCodeHeapSize                   = 7549744                                {pd product} {ergonomic}
    uintx NonProfiledCodeHeapSize                  = 244108496                              {pd product} {ergonomic}
    uintx ProfiledCodeHeapSize                     = 0                                      {pd product} {ergonomic}
    uintx ReservedCodeCacheSize                    = 251658240                              {pd product} {ergonomic}
     bool SegmentedCodeCache                       = true                                      {product} {ergonomic}
     intx TieredStopAtLevel                        = 1                                         {product} {command line}
     bool UseCompressedClassPointers               = true                                 {lp64_product} {ergonomic}
     bool UseCompressedOops                        = true                                 {lp64_product} {ergonomic}
     bool UseG1GC                                  = true                                      {product} {ergonomic}
     bool UseLargePagesIndividualAllocation        = false                                  {pd product} {ergonomic}

Logging:
Log output configuration:
 #0: stdout all=warning uptime,level,tags
 #1: stderr all=off uptime,level,tags

Environment Variables:
PATH=C:/Users/upl_member/Desktop/pleiades/eclipse//jre/bin/server;C:/Users/upl_member/Desktop/pleiades/eclipse//jre/bin;C:\Program Files\PostgreSQL\13\bin;C:\Users\upl_member\AppData\Local\Microsoft\WindowsApps;C:\Users\upl_member\AppData\Local\Programs\Microsoft VS Code\bin;C:\Users\upl_member\AppData\Roaming\npm;C:\Users\upl_member\AppData\Local\Programs\Git\cmd;C:\Users\upl_member\Desktop\pleiades\eclipse;
USERNAME=upl_member
OS=Windows_NT
PROCESSOR_IDENTIFIER=Intel64 Family 6 Model 126 Stepping 5, GenuineIntel



---------------  S Y S T E M  ---------------

OS: Windows 10 , 64 bit Build 18362 (10.0.18362.1110)
HyperV virtualization detected

CPU:total 8 (initial active 8) (4 cores per cpu, 2 threads per core) family 6 model 126 stepping 5, cmov, cx8, fxsr, mmx, sse, sse2, sse3, ssse3, sse4.1, sse4.2, popcnt, avx, avx2, aes, clmul, erms, 3dnowpref, lzcnt, ht, tsc, tscinvbit, bmi1, bmi2, adx, evex, sha, fma

Memory: 4k page, system-wide physical 7782M (752M free)
TotalPageFile size 21066M (AvailPageFile size 4796M)
current process WorkingSet (physical memory assigned to process): 255M, peak: 255M
current process commit charge ("private bytes"): 315M, peak: 329M

vm_info: OpenJDK 64-Bit Server VM (11.0.5+10) for windows-amd64 JRE (11.0.5+10), built on Oct 19 2019 12:23:57 by "" with MS VC++ 15.8 (VS2017)

END.
